<?xml version="1.0" encoding="UTF-8"?>
<!-- Generated by org.testng.reporters.JUnitXMLReporter -->
<testsuite hostname="MDZN0094" ignored="0" name="Surefire test" tests="9" failures="2" timestamp="2020-07-16T08:58:45 ART" time="66.085" errors="0">
  <testcase name="runScenario" time="20.814" classname="io.cucumber.testng.AbstractTestNGCucumberTests"/>
  <testcase name="runScenario" time="4.716" classname="io.cucumber.testng.AbstractTestNGCucumberTests"/>
  <testcase name="runScenario" time="4.593" classname="io.cucumber.testng.AbstractTestNGCucumberTests"/>
  <testcase name="runScenario" time="6.082" classname="io.cucumber.testng.AbstractTestNGCucumberTests"/>
  <testcase name="runScenario" time="10.077" classname="io.cucumber.testng.AbstractTestNGCucumberTests"/>
  <testcase name="runScenario" time="4.68" classname="io.cucumber.testng.AbstractTestNGCucumberTests"/>
  <testcase name="runScenario" time="3.744" classname="io.cucumber.testng.AbstractTestNGCucumberTests">
    <failure type="java.lang.AssertionError" message="expected [true] but found [false]">
      <![CDATA[java.lang.AssertionError: expected [true] but found [false]
at qa.stepdefinitions.GrupoTarifarioStepDefs.actuario_tiene_grupo_tarifario_eliminado_aceptar(GrupoTarifarioStepDefs.java:191)
at ✽.actuario tiene grupo tarifario eliminado aceptar(file:///C:/Users/berdinas/IdeaProjects/delta_sprint_4/delta_grupo_tarifario_v1/src/test/java/qa/features/grupo_tarifario.feature:36)
... Removed 4 stack frames]]>
    </failure>
  </testcase> <!-- runScenario -->
  <testcase name="runScenario" time="4.137" classname="io.cucumber.testng.AbstractTestNGCucumberTests">
    <failure type="java.lang.AssertionError" message="expected [true] but found [false]">
      <![CDATA[java.lang.AssertionError: expected [true] but found [false]
at qa.stepdefinitions.GrupoTarifarioStepDefs.actuario_tiene_ordenado_ascendente_grupo_tarifario_existente(GrupoTarifarioStepDefs.java:214)
at ✽.actuario tiene ordenado ascendente grupo tarifario existente(file:///C:/Users/berdinas/IdeaProjects/delta_sprint_4/delta_grupo_tarifario_v1/src/test/java/qa/features/grupo_tarifario.feature:41)
... Removed 4 stack frames]]>
    </failure>
  </testcase> <!-- runScenario -->
  <testcase name="runScenario" time="4.176" classname="io.cucumber.testng.AbstractTestNGCucumberTests"/>
</testsuite> <!-- Surefire test -->
